[debug] [2025-09-14T13:45:35.668Z] ----------------------------------------------------------------------
[debug] [2025-09-14T13:45:35.674Z] Command:       /usr/local/bin/node /usr/local/bin/firebase init
[debug] [2025-09-14T13:45:35.674Z] CLI Version:   14.11.2
[debug] [2025-09-14T13:45:35.674Z] Platform:      darwin
[debug] [2025-09-14T13:45:35.674Z] Node Version:  v22.13.1
[debug] [2025-09-14T13:45:35.675Z] Time:          Sun Sep 14 2025 15:45:35 GMT+0200 (Mitteleuropäische Sommerzeit)
[debug] [2025-09-14T13:45:35.675Z] ----------------------------------------------------------------------
[debug] 
[debug] [2025-09-14T13:45:35.678Z] > command requires scopes: ["email","openid","https://www.googleapis.com/auth/cloudplatformprojects.readonly","https://www.googleapis.com/auth/firebase","https://www.googleapis.com/auth/cloud-platform"]
[debug] [2025-09-14T13:45:35.678Z] > authorizing via signed-in user (mario@marioschmid.ch)
[info] 
     ######## #### ########  ######## ########     ###     ######  ########
     ##        ##  ##     ## ##       ##     ##  ##   ##  ##       ##
     ######    ##  ########  ######   ########  #########  ######  ######
     ##        ##  ##    ##  ##       ##     ## ##     ##       ## ##
     ##       #### ##     ## ######## ########  ##     ##  ######  ########

You're about to initialize a Firebase project in this directory:

  /Users/eliot/Documents/ schluesseldienst-zuerich-24 

[info] 
=== Project Setup
[info] 
[info] First, let's associate this project directory with a Firebase project.
[info] You can create multiple project aliases by running firebase use --add, 
[info] but for now we'll just set up a default project.
[info] 
[debug] [2025-09-14T13:45:43.433Z] Checked if tokens are valid: false, expires at: 1757808440753
[debug] [2025-09-14T13:45:43.433Z] Checked if tokens are valid: false, expires at: 1757808440753
[debug] [2025-09-14T13:45:43.433Z] > refreshing access token with scopes: []
[debug] [2025-09-14T13:45:43.434Z] >>> [apiv2][query] POST https://www.googleapis.com/oauth2/v3/token [none]
[debug] [2025-09-14T13:45:43.434Z] >>> [apiv2][body] POST https://www.googleapis.com/oauth2/v3/token [omitted]
[debug] [2025-09-14T13:45:43.757Z] <<< [apiv2][status] POST https://www.googleapis.com/oauth2/v3/token 200
[debug] [2025-09-14T13:45:43.757Z] <<< [apiv2][body] POST https://www.googleapis.com/oauth2/v3/token [omitted]
[debug] [2025-09-14T13:45:43.770Z] >>> [apiv2][query] GET https://firebase.googleapis.com/v1beta1/projects pageSize=100
[debug] [2025-09-14T13:45:44.288Z] <<< [apiv2][status] GET https://firebase.googleapis.com/v1beta1/projects 200
[debug] [2025-09-14T13:45:44.289Z] <<< [apiv2][body] GET https://firebase.googleapis.com/v1beta1/projects [omitted]
[info] i  Using project schluesseldienst-kaegi (schluesseldienst-kaegi) 
[info] 
=== Hosting Setup
[debug] [2025-09-14T13:45:51.962Z] Checked if tokens are valid: true, expires at: 1757861142757
[debug] [2025-09-14T13:45:51.962Z] Checked if tokens are valid: true, expires at: 1757861142757
[debug] [2025-09-14T13:45:51.963Z] >>> [apiv2][query] GET https://firebase.googleapis.com/v1beta1/projects/schluesseldienst-kaegi [none]
[debug] [2025-09-14T13:45:52.226Z] <<< [apiv2][status] GET https://firebase.googleapis.com/v1beta1/projects/schluesseldienst-kaegi 200
[debug] [2025-09-14T13:45:52.226Z] <<< [apiv2][body] GET https://firebase.googleapis.com/v1beta1/projects/schluesseldienst-kaegi {"projectId":"schluesseldienst-kaegi","projectNumber":"1077631114897","displayName":"schluesseldienst-kaegi","name":"projects/schluesseldienst-kaegi","resources":{"hostingSite":"schluesseldienst-kaegi"},"state":"ACTIVE","etag":"1_44d2c252-d70b-471a-b643-0c3d418c16a8"}
[info] 
[info] Your public directory is the folder (relative to your project directory) that
[info] will contain Hosting assets to be uploaded with firebase deploy. If you
[info] have a build process for your assets, use your build's output directory.
[info] 
[debug] [2025-09-14T13:46:03.612Z] ----------------------------------------------------------------------
[debug] [2025-09-14T13:46:03.614Z] Command:       /usr/local/bin/node /usr/local/bin/firebase init
[debug] [2025-09-14T13:46:03.614Z] CLI Version:   14.11.2
[debug] [2025-09-14T13:46:03.614Z] Platform:      darwin
[debug] [2025-09-14T13:46:03.614Z] Node Version:  v22.13.1
[debug] [2025-09-14T13:46:03.614Z] Time:          Sun Sep 14 2025 15:46:03 GMT+0200 (Mitteleuropäische Sommerzeit)
[debug] [2025-09-14T13:46:03.614Z] ----------------------------------------------------------------------
[debug] 
[debug] [2025-09-14T13:46:03.618Z] > command requires scopes: ["email","openid","https://www.googleapis.com/auth/cloudplatformprojects.readonly","https://www.googleapis.com/auth/firebase","https://www.googleapis.com/auth/cloud-platform"]
[debug] [2025-09-14T13:46:03.618Z] > authorizing via signed-in user (mario@marioschmid.ch)
[info] 
     ######## #### ########  ######## ########     ###     ######  ########
     ##        ##  ##     ## ##       ##     ##  ##   ##  ##       ##
     ######    ##  ########  ######   ########  #########  ######  ######
     ##        ##  ##    ##  ##       ##     ## ##     ##       ## ##
     ##       #### ##     ## ######## ########  ##     ##  ######  ########

You're about to initialize a Firebase project in this directory:

  /Users/eliot/Documents/ schluesseldienst-zuerich-24 

